<?xml version="1.0" encoding="UTF-8"?>
<!-- Generated by org.testng.reporters.JUnitReportReporter -->
<testsuite hostname="sadhvi-pc3" failures="0" tests="1" name="reports.Smapless" time="4.574" errors="0" timestamp="2019-11-22T17:00:53 IST" skipped="0">
  <testcase classname="reports.Smapless" name="testahs" time="4.574"/>
</testsuite> <!-- reports.Smapless -->
