<?xml version="1.0" encoding="UTF-8"?>
<!-- Generated by org.testng.reporters.JUnitReportReporter -->
<testsuite hostname="sadhvi-pc3" failures="0" tests="1" name="reports.AventReport" time="4.913" errors="0" timestamp="2019-11-22T16:14:02 IST" skipped="0">
  <testcase classname="reports.AventReport" name="sample" time="4.913"/>
</testsuite> <!-- reports.AventReport -->
